==============================================================================
Tests                                                                         
==============================================================================
Tests.Books                                                                   
==============================================================================
TC01 Get All Books                                                    | PASS |
------------------------------------------------------------------------------
TC02 Get Book By Valid Id                                             | PASS |
------------------------------------------------------------------------------
TC03 Create Book With Valid Payload                                   | PASS |
------------------------------------------------------------------------------
TC04 Update Book With Valid Payload                                   | PASS |
------------------------------------------------------------------------------
TC05 Delete Book With Valid Id                                        | PASS |
------------------------------------------------------------------------------
TC06 Get Book By Invalid Id                                           | PASS |
------------------------------------------------------------------------------
TC07 Get Book With Non-Numeric Id                                     | PASS |
------------------------------------------------------------------------------
TC08 Create Book With Missing Required Field                          | PASS |
------------------------------------------------------------------------------
TC09 Create Book With Invalid Data Type                               | PASS |
------------------------------------------------------------------------------
TC10 Update Book With Non-Existing Id                                 | PASS |
------------------------------------------------------------------------------
TC11 Delete Book With Non-Existing Id                                 | PASS |
------------------------------------------------------------------------------
Tests.Books                                                           | PASS |
11 tests, 11 passed, 0 failed
==============================================================================
Tests                                                                 | PASS |
11 tests, 11 passed, 0 failed
==============================================================================
Output:  C:\workspace\Avenga\pabot_results\2\output.xml
