==============================================================================
Tests                                                                         
==============================================================================
Tests.Activities                                                              
==============================================================================
TC01 Get All Activities                                               | PASS |
------------------------------------------------------------------------------
TC02 Get Activity By Valid Id                                         | PASS |
------------------------------------------------------------------------------
TC03 Create Activity With Valid Payload                               | PASS |
------------------------------------------------------------------------------
TC04 Update Activity With Valid Payload                               | PASS |
------------------------------------------------------------------------------
TC05 Delete Activity With Valid Id                                    | PASS |
------------------------------------------------------------------------------
TC06 Get Activity By Invalid Id                                       | PASS |
------------------------------------------------------------------------------
TC07 Get Activity With Non-Numeric Id                                 | PASS |
------------------------------------------------------------------------------
TC08 Create Activity With Missing Required Field                      | PASS |
------------------------------------------------------------------------------
TC09 Create Activity With Invalid Data Type                           | PASS |
------------------------------------------------------------------------------
TC10 Update Activity With Non-Existing Id                             | PASS |
------------------------------------------------------------------------------
TC11 Delete Activity With Non-Existing Id                             | PASS |
------------------------------------------------------------------------------
Tests.Activities                                                      | PASS |
11 tests, 11 passed, 0 failed
==============================================================================
Tests                                                                 | PASS |
11 tests, 11 passed, 0 failed
==============================================================================
Output:  C:\workspace\Avenga\pabot_results\0\output.xml
