==============================================================================
Tests                                                                         
==============================================================================
Tests.CoverPhotos                                                             
==============================================================================
TC01 Get All CoverPhotos                                              | PASS |
------------------------------------------------------------------------------
TC02 Get CoverPhoto By Valid Id                                       | PASS |
------------------------------------------------------------------------------
TC03 Create CoverPhoto With Valid Payload                             | PASS |
------------------------------------------------------------------------------
TC04 Update CoverPhoto With Valid Payload                             | PASS |
------------------------------------------------------------------------------
TC05 Delete CoverPhoto With Valid Id                                  | PASS |
------------------------------------------------------------------------------
TC06 Get CoverPhoto By Invalid Id                                     | PASS |
------------------------------------------------------------------------------
TC07 Get CoverPhoto With Non-Numeric Id                               | PASS |
------------------------------------------------------------------------------
TC08 Create CoverPhoto With Missing Required Field                    | PASS |
------------------------------------------------------------------------------
TC09 Create CoverPhoto With Invalid Data Type                         | PASS |
------------------------------------------------------------------------------
TC10 Update CoverPhoto With Non-Existing Id                           | PASS |
------------------------------------------------------------------------------
TC11 Delete CoverPhoto With Non-Existing Id                           | PASS |
------------------------------------------------------------------------------
Tests.CoverPhotos                                                     | PASS |
11 tests, 11 passed, 0 failed
==============================================================================
Tests                                                                 | PASS |
11 tests, 11 passed, 0 failed
==============================================================================
Output:  C:\workspace\Avenga\pabot_results\3\output.xml
