==============================================================================
Tests                                                                         
==============================================================================
Tests.Users                                                                   
==============================================================================
TC01 Get All Users                                                    | PASS |
------------------------------------------------------------------------------
TC02 Get User By Valid Id                                             | PASS |
------------------------------------------------------------------------------
TC03 Create User With Valid Payload                                   | PASS |
------------------------------------------------------------------------------
TC04 Update User With Valid Payload                                   | PASS |
------------------------------------------------------------------------------
TC05 Delete User With Valid Id                                        | PASS |
------------------------------------------------------------------------------
TC06 Get User By Invalid Id                                           | PASS |
------------------------------------------------------------------------------
TC07 Get User With Non-Numeric Id                                     | PASS |
------------------------------------------------------------------------------
TC08 Create User With Missing Required Field                          | PASS |
------------------------------------------------------------------------------
TC09 Create User With Invalid Data Type                               | PASS |
------------------------------------------------------------------------------
TC10 Update User With Non-Existing Id                                 | PASS |
------------------------------------------------------------------------------
TC11 Delete User With Non-Existing Id                                 | PASS |
------------------------------------------------------------------------------
Tests.Users                                                           | PASS |
11 tests, 11 passed, 0 failed
==============================================================================
Tests                                                                 | PASS |
11 tests, 11 passed, 0 failed
==============================================================================
Output:  C:\workspace\Avenga\pabot_results\4\output.xml
