==============================================================================
Tests                                                                         
==============================================================================
Tests.Authors                                                                 
==============================================================================
TC01 Get All Authors                                                  | PASS |
------------------------------------------------------------------------------
TC02 Get Author By Valid Id                                           | PASS |
------------------------------------------------------------------------------
TC03 Create Author With Valid Payload                                 | PASS |
------------------------------------------------------------------------------
TC04 Update Author With Valid Payload                                 | PASS |
------------------------------------------------------------------------------
TC05 Delete Author With Valid Id                                      | PASS |
------------------------------------------------------------------------------
TC06 Get Author By Invalid Id                                         | PASS |
------------------------------------------------------------------------------
TC07 Get Author With Non-Numeric Id                                   | PASS |
------------------------------------------------------------------------------
TC08 Create Author With Missing Required Field                        | PASS |
------------------------------------------------------------------------------
TC09 Create Author With Invalid Data Type                             | PASS |
------------------------------------------------------------------------------
TC10 Update Author With Non-Existing Id                               | PASS |
------------------------------------------------------------------------------
TC11 Delete Author With Non-Existing Id                               | PASS |
------------------------------------------------------------------------------
Tests.Authors                                                         | PASS |
11 tests, 11 passed, 0 failed
==============================================================================
Tests                                                                 | PASS |
11 tests, 11 passed, 0 failed
==============================================================================
Output:  C:\workspace\Avenga\pabot_results\1\output.xml
